[     281ms] [LOG] [Fast Refresh] rebuilding @ http://localhost:3000/_next/static/chunks/node_modules_next_dist_115brz8._.js:2431
[     621ms] [LOG] [Fast Refresh] done in 443ms @ http://localhost:3000/_next/static/chunks/node_modules_next_dist_115brz8._.js:2431
[    1684ms] [INFO] %cDownload the React DevTools for a better development experience: https://react.dev/link/react-devtools font-weight:bold @ http://localhost:3000/_next/static/chunks/node_modules_next_dist_115brz8._.js:2431
[    1695ms] [LOG] [HMR] connected @ http://localhost:3000/_next/static/chunks/node_modules_next_dist_115brz8._.js:2431
[   17889ms] [ERROR] WebSocket connection to 'ws://localhost:3000/_next/webpack-hmr?id=U8jMJusq342Ov1q4HvyXa' failed: Error in connection establishment: net::ERR_CONNECTION_REFUSED @ http://localhost:3000/_next/static/chunks/node_modules_next_dist_client_0fhqo1d._.js:13299
[   18893ms] [ERROR] WebSocket connection to 'ws://localhost:3000/_next/webpack-hmr?id=U8jMJusq342Ov1q4HvyXa' failed: Error in connection establishment: net::ERR_CONNECTION_REFUSED @ http://localhost:3000/_next/static/chunks/node_modules_next_dist_client_0fhqo1d._.js:13299
[   19897ms] [ERROR] WebSocket connection to 'ws://localhost:3000/_next/webpack-hmr?id=U8jMJusq342Ov1q4HvyXa' failed: Error in connection establishment: net::ERR_CONNECTION_REFUSED @ http://localhost:3000/_next/static/chunks/node_modules_next_dist_client_0fhqo1d._.js:13299
[   20899ms] [ERROR] WebSocket connection to 'ws://localhost:3000/_next/webpack-hmr?id=U8jMJusq342Ov1q4HvyXa' failed: Error in connection establishment: net::ERR_CONNECTION_REFUSED @ http://localhost:3000/_next/static/chunks/node_modules_next_dist_client_0fhqo1d._.js:13299
[   21901ms] [ERROR] WebSocket connection to 'ws://localhost:3000/_next/webpack-hmr?id=U8jMJusq342Ov1q4HvyXa' failed: Error in connection establishment: net::ERR_CONNECTION_REFUSED @ http://localhost:3000/_next/static/chunks/node_modules_next_dist_client_0fhqo1d._.js:13299
[   26906ms] [ERROR] WebSocket connection to 'ws://localhost:3000/_next/webpack-hmr?id=U8jMJusq342Ov1q4HvyXa' failed: Error in connection establishment: net::ERR_CONNECTION_REFUSED @ http://localhost:3000/_next/static/chunks/node_modules_next_dist_client_0fhqo1d._.js:13299
[   31909ms] [ERROR] WebSocket connection to 'ws://localhost:3000/_next/webpack-hmr?id=U8jMJusq342Ov1q4HvyXa' failed: Error in connection establishment: net::ERR_CONNECTION_REFUSED @ http://localhost:3000/_next/static/chunks/node_modules_next_dist_client_0fhqo1d._.js:13299
[   36912ms] [ERROR] WebSocket connection to 'ws://localhost:3000/_next/webpack-hmr?id=U8jMJusq342Ov1q4HvyXa' failed: Error in connection establishment: net::ERR_CONNECTION_REFUSED @ http://localhost:3000/_next/static/chunks/node_modules_next_dist_client_0fhqo1d._.js:13299
[   41916ms] [ERROR] WebSocket connection to 'ws://localhost:3000/_next/webpack-hmr?id=U8jMJusq342Ov1q4HvyXa' failed: Error in connection establishment: net::ERR_CONNECTION_REFUSED @ http://localhost:3000/_next/static/chunks/node_modules_next_dist_client_0fhqo1d._.js:13299
[   46921ms] [ERROR] WebSocket connection to 'ws://localhost:3000/_next/webpack-hmr?id=U8jMJusq342Ov1q4HvyXa' failed: Error in connection establishment: net::ERR_CONNECTION_REFUSED @ http://localhost:3000/_next/static/chunks/node_modules_next_dist_client_0fhqo1d._.js:13299
[   51924ms] [ERROR] WebSocket connection to 'ws://localhost:3000/_next/webpack-hmr?id=U8jMJusq342Ov1q4HvyXa' failed: Error in connection establishment: net::ERR_CONNECTION_REFUSED @ http://localhost:3000/_next/static/chunks/node_modules_next_dist_client_0fhqo1d._.js:13299
[   56928ms] [ERROR] WebSocket connection to 'ws://localhost:3000/_next/webpack-hmr?id=U8jMJusq342Ov1q4HvyXa' failed: Error in connection establishment: net::ERR_CONNECTION_REFUSED @ http://localhost:3000/_next/static/chunks/node_modules_next_dist_client_0fhqo1d._.js:13299
[  102253ms] [ERROR] Failed to load resource: net::ERR_CONNECTION_REFUSED @ http://localhost:3000/_next/static/chunks/src_app_globals_0p2ml0n.css:0
[  102286ms] [INFO] %cDownload the React DevTools for a better development experience: https://react.dev/link/react-devtools font-weight:bold @ http://localhost:3000/_next/static/chunks/node_modules_next_dist_115brz8._.js:2431
[  102307ms] [ERROR] WebSocket connection to 'ws://localhost:3000/_next/webpack-hmr?id=FSxFepDlldy81PmkPhavA' failed: Error in connection establishment: net::ERR_CONNECTION_REFUSED @ http://localhost:3000/_next/static/chunks/node_modules_next_dist_client_0fhqo1d._.js:13299
[  102313ms] [ERROR] Failed to load resource: net::ERR_CONNECTION_REFUSED @ http://localhost:3000/favicon.svg:0
[  103313ms] [ERROR] WebSocket connection to 'ws://localhost:3000/_next/webpack-hmr?id=FSxFepDlldy81PmkPhavA' failed: Error in connection establishment: net::ERR_CONNECTION_REFUSED @ http://localhost:3000/_next/static/chunks/node_modules_next_dist_client_0fhqo1d._.js:13299
