[     228ms] [LOG] [Fast Refresh] rebuilding @ http://localhost:3000/_next/static/chunks/node_modules_next_dist_115brz8._.js:2431
[     476ms] [LOG] [Fast Refresh] done in 349ms @ http://localhost:3000/_next/static/chunks/node_modules_next_dist_115brz8._.js:2431
[     531ms] [INFO] %cDownload the React DevTools for a better development experience: https://react.dev/link/react-devtools font-weight:bold @ http://localhost:3000/_next/static/chunks/node_modules_next_dist_115brz8._.js:2431
[     547ms] [LOG] [HMR] connected @ http://localhost:3000/_next/static/chunks/node_modules_next_dist_115brz8._.js:2431
[    1571ms] [ERROR] Failed to load resource: the server responded with a status of 406 () @ https://icblokxkfvmgofmtyssp.supabase.co/rest/v1/workshop_settings?select=settings:0
[    1984ms] [ERROR] Failed to load resource: the server responded with a status of 406 () @ https://icblokxkfvmgofmtyssp.supabase.co/rest/v1/workshop_settings?select=settings:0
[    2290ms] [ERROR] Failed to load resource: the server responded with a status of 401 () @ https://icblokxkfvmgofmtyssp.supabase.co/rest/v1/tecnicas:0
[    2649ms] [ERROR] Failed to load resource: the server responded with a status of 401 () @ https://icblokxkfvmgofmtyssp.supabase.co/rest/v1/tecnicas:0
[    2900ms] [ERROR] Failed to load resource: the server responded with a status of 401 () @ https://icblokxkfvmgofmtyssp.supabase.co/rest/v1/tecnicas:0
[    3140ms] [ERROR] Failed to load resource: the server responded with a status of 401 () @ https://icblokxkfvmgofmtyssp.supabase.co/rest/v1/tecnicas:0
[    3379ms] [ERROR] Failed to load resource: the server responded with a status of 401 () @ https://icblokxkfvmgofmtyssp.supabase.co/rest/v1/tecnicas:0
[   50663ms] [LOG] [Fast Refresh] rebuilding @ http://localhost:3000/_next/static/chunks/node_modules_next_dist_115brz8._.js:2431
[   50773ms] [LOG] [Fast Refresh] done in 153ms @ http://localhost:3000/_next/static/chunks/node_modules_next_dist_115brz8._.js:2431
[   51228ms] [ERROR] Failed to load resource: the server responded with a status of 406 () @ https://icblokxkfvmgofmtyssp.supabase.co/rest/v1/workshop_settings?select=settings:0
[   51580ms] [ERROR] Failed to load resource: the server responded with a status of 406 () @ https://icblokxkfvmgofmtyssp.supabase.co/rest/v1/workshop_settings?select=settings:0
[   51835ms] [ERROR] Failed to load resource: the server responded with a status of 401 () @ https://icblokxkfvmgofmtyssp.supabase.co/rest/v1/tecnicas:0
[   52102ms] [ERROR] Failed to load resource: the server responded with a status of 401 () @ https://icblokxkfvmgofmtyssp.supabase.co/rest/v1/tecnicas:0
[   52104ms] [ERROR] Failed to load resource: the server responded with a status of 401 () @ https://icblokxkfvmgofmtyssp.supabase.co/rest/v1/tecnicas:0
[   52355ms] [ERROR] Failed to load resource: the server responded with a status of 401 () @ https://icblokxkfvmgofmtyssp.supabase.co/rest/v1/tecnicas:0
[   52356ms] [ERROR] Failed to load resource: the server responded with a status of 401 () @ https://icblokxkfvmgofmtyssp.supabase.co/rest/v1/tecnicas:0
[   52624ms] [ERROR] Failed to load resource: the server responded with a status of 401 () @ https://icblokxkfvmgofmtyssp.supabase.co/rest/v1/tecnicas:0
[   52625ms] [ERROR] Failed to load resource: the server responded with a status of 401 () @ https://icblokxkfvmgofmtyssp.supabase.co/rest/v1/tecnicas:0
[   52871ms] [ERROR] Failed to load resource: the server responded with a status of 401 () @ https://icblokxkfvmgofmtyssp.supabase.co/rest/v1/tecnicas:0
[   52872ms] [ERROR] Failed to load resource: the server responded with a status of 401 () @ https://icblokxkfvmgofmtyssp.supabase.co/rest/v1/tecnicas:0
[   53148ms] [ERROR] Failed to load resource: the server responded with a status of 401 () @ https://icblokxkfvmgofmtyssp.supabase.co/rest/v1/tecnicas:0
